000 (931.000.000) 09/04 15:54:54 Job submitted from host: <10.87.24.125:9618?addrs=10.87.24.125-9618&noUDP&sock=1028_b372_7>
...
009 (931.000.000) 09/04 15:55:55 Job was aborted by the user.
	via condor_rm (by user liqianma)
...
000 (932.000.000) 09/04 15:55:58 Job submitted from host: <10.87.24.125:9618?addrs=10.87.24.125-9618&noUDP&sock=1028_b372_7>
...
001 (932.000.000) 09/04 15:56:17 Job executing on host: <10.87.24.78:9618?addrs=10.87.24.78-9618&noUDP&sock=1051_7a20_3>
...
006 (932.000.000) 09/04 15:56:26 Image size of job updated: 1250
	4  -  MemoryUsage of job (MB)
	3400  -  ResidentSetSize of job (KB)
...
006 (932.000.000) 09/04 16:01:27 Image size of job updated: 621952
	28  -  MemoryUsage of job (MB)
	28072  -  ResidentSetSize of job (KB)
...
006 (932.000.000) 09/04 16:06:28 Image size of job updated: 621952
	28  -  MemoryUsage of job (MB)
	28084  -  ResidentSetSize of job (KB)
...
006 (932.000.000) 09/04 16:11:28 Image size of job updated: 621952
	44  -  MemoryUsage of job (MB)
	44716  -  ResidentSetSize of job (KB)
...
006 (932.000.000) 09/04 16:21:29 Image size of job updated: 621952
	47  -  MemoryUsage of job (MB)
	47976  -  ResidentSetSize of job (KB)
...
006 (932.000.000) 09/04 16:46:31 Image size of job updated: 621956
	47  -  MemoryUsage of job (MB)
	47976  -  ResidentSetSize of job (KB)
...
005 (932.000.000) 09/04 18:18:21 Job terminated.
	(1) Normal termination (return value 0)
		Usr 0 00:00:03, Sys 0 00:00:04  -  Run Remote Usage
		Usr 0 00:00:00, Sys 0 00:00:00  -  Run Local Usage
		Usr 0 00:00:03, Sys 0 00:00:04  -  Total Remote Usage
		Usr 0 00:00:00, Sys 0 00:00:00  -  Total Local Usage
	0  -  Run Bytes Sent By Job
	0  -  Run Bytes Received By Job
	0  -  Total Bytes Sent By Job
	0  -  Total Bytes Received By Job
	Partitionable Resources :    Usage  Request Allocated
	   Cpus                 :                 1         1
	   Disk (KB)            :     1250     1250  71057781
	   Memory (MB)          :       47     1024      1024
...
